<?xml version="1.0" encoding="UTF-8"?>
<testsuite xmlns:xsi="http://www.w3.org/2001/XMLSchema-instance" xsi:noNamespaceSchemaLocation="https://maven.apache.org/surefire/maven-surefire-plugin/xsd/surefire-test-report-3.0.xsd" version="3.0" name="ManageApartmentTest" time="0.039" tests="1" errors="0" skipped="0" failures="0">
  <properties>
    <property name="java.specification.version" value="21"/>
    <property name="sun.cpu.isalist" value="amd64"/>
    <property name="sun.jnu.encoding" value="Cp1252"/>
    <property name="java.class.path" value="C:\Users\Admin\LTHDT\Backup\ManageApartment\ManageApartment\target\test-classes;C:\Users\Admin\LTHDT\Backup\ManageApartment\ManageApartment\target\classes;C:\Users\Admin\.m2\repository\javax\xml\bind\jaxb-api\2.3.1\jaxb-api-2.3.1.jar;C:\Users\Admin\.m2\repository\javax\activation\javax.activation-api\1.2.0\javax.activation-api-1.2.0.jar;C:\Users\Admin\.m2\repository\com\sun\xml\bind\jaxb-impl\2.3.8\jaxb-impl-2.3.8.jar;C:\Users\Admin\.m2\repository\com\sun\activation\jakarta.activation\1.2.2\jakarta.activation-1.2.2.jar;C:\Users\Admin\.m2\repository\org\jfree\jfreechart\1.0.19\jfreechart-1.0.19.jar;C:\Users\Admin\.m2\repository\org\jfree\jcommon\1.0.23\jcommon-1.0.23.jar;C:\Users\Admin\.m2\repository\junit\junit\4.13.2\junit-4.13.2.jar;C:\Users\Admin\.m2\repository\jakarta\xml\bind\jakarta.xml.bind-api\2.3.3\jakarta.xml.bind-api-2.3.3.jar;C:\Users\Admin\.m2\repository\jakarta\activation\jakarta.activation-api\1.2.2\jakarta.activation-api-1.2.2.jar;C:\Users\Admin\.m2\repository\org\netbeans\external\AbsoluteLayout\RELEASE210\AbsoluteLayout-RELEASE210.jar;C:\Users\Admin\.m2\repository\org\apache\poi\poi-ooxml\5.2.5\poi-ooxml-5.2.5.jar;C:\Users\Admin\.m2\repository\org\apache\poi\poi-ooxml-lite\5.2.5\poi-ooxml-lite-5.2.5.jar;C:\Users\Admin\.m2\repository\org\apache\xmlbeans\xmlbeans\5.2.0\xmlbeans-5.2.0.jar;C:\Users\Admin\.m2\repository\org\apache\commons\commons-compress\1.25.0\commons-compress-1.25.0.jar;C:\Users\Admin\.m2\repository\commons-io\commons-io\2.15.0\commons-io-2.15.0.jar;C:\Users\Admin\.m2\repository\com\github\virtuald\curvesapi\1.08\curvesapi-1.08.jar;C:\Users\Admin\.m2\repository\org\apache\logging\log4j\log4j-api\2.21.1\log4j-api-2.21.1.jar;C:\Users\Admin\.m2\repository\org\apache\commons\commons-collections4\4.4\commons-collections4-4.4.jar;C:\Users\Admin\.m2\repository\org\apache\poi\poi\4.1.2\poi-4.1.2.jar;C:\Users\Admin\.m2\repository\commons-codec\commons-codec\1.13\commons-codec-1.13.jar;C:\Users\Admin\.m2\repository\org\apache\commons\commons-math3\3.6.1\commons-math3-3.6.1.jar;C:\Users\Admin\.m2\repository\com\zaxxer\SparseBitSet\1.2\SparseBitSet-1.2.jar;C:\Users\Admin\.m2\repository\org\openl\rules\org.openl.lib.poi.dev.modified\5.15.2\org.openl.lib.poi.dev.modified-5.15.2.jar;C:\Users\Admin\.m2\repository\org\slf4j\slf4j-api\1.7.7\slf4j-api-1.7.7.jar;C:\Users\Admin\.m2\repository\org\slf4j\jcl-over-slf4j\1.7.7\jcl-over-slf4j-1.7.7.jar;C:\Users\Admin\.m2\repository\org\apache\poi\poi-ooxml-schemas\3.8\poi-ooxml-schemas-3.8.jar;C:\Users\Admin\.m2\repository\dom4j\dom4j\1.6.1\dom4j-1.6.1.jar;C:\Users\Admin\.m2\repository\org\hamcrest\hamcrest-core\1.3\hamcrest-core-1.3.jar;C:\Users\Admin\.m2\repository\net\wetheinter\xapi-gwt-test\0.5\xapi-gwt-test-0.5.jar;C:\Users\Admin\.m2\repository\net\wetheinter\xapi-gwt-api\0.5\xapi-gwt-api-0.5.jar;C:\Users\Admin\.m2\repository\net\wetheinter\xapi-dev-source\0.5\xapi-dev-source-0.5-sources.jar;C:\Users\Admin\.m2\repository\net\wetheinter\xapi-dev-source\0.5\xapi-dev-source-0.5.jar;C:\Users\Admin\.m2\repository\net\wetheinter\xapi-core-api\0.5\xapi-core-api-0.5-sources.jar;C:\Users\Admin\.m2\repository\javax\inject\javax.inject\1\javax.inject-1.jar;C:\Users\Admin\.m2\repository\net\wetheinter\xapi-core-api\0.5\xapi-core-api-0.5.jar;C:\Users\Admin\.m2\repository\net\wetheinter\xapi-core-inject\0.5\xapi-core-inject-0.5-sources.jar;C:\Users\Admin\.m2\repository\net\wetheinter\xapi-core-log\0.5\xapi-core-log-0.5.jar;C:\Users\Admin\.m2\repository\net\wetheinter\xapi-core-inject\0.5\xapi-core-inject-0.5.jar;C:\Users\Admin\.m2\repository\net\wetheinter\xapi-core-reflect\0.5\xapi-core-reflect-0.5-sources.jar;C:\Users\Admin\.m2\repository\net\wetheinter\xapi-core-reflect\0.5\xapi-core-reflect-0.5.jar;C:\Users\Admin\.m2\repository\net\wetheinter\xapi-core-util\0.5\xapi-core-util-0.5-sources.jar;C:\Users\Admin\.m2\repository\net\wetheinter\xapi-core-util\0.5\xapi-core-util-0.5.jar;C:\Users\Admin\.m2\repository\javax\inject\javax.inject\1\javax.inject-1-sources.jar;C:\Users\Admin\.m2\repository\javax\validation\validation-api\1.0.0.GA\validation-api-1.0.0.GA.jar;C:\Users\Admin\.m2\repository\javax\validation\validation-api\1.0.0.GA\validation-api-1.0.0.GA-sources.jar;C:\Users\Admin\.m2\repository\net\wetheinter\xapi-core-test\0.5\xapi-core-test-0.5.jar;C:\Users\Admin\.m2\repository\net\wetheinter\xapi-server-api\0.5\xapi-server-api-0.5.jar;C:\Users\Admin\.m2\repository\net\wetheinter\xapi-jre-model\0.5\xapi-jre-model-0.5.jar;C:\Users\Admin\.m2\repository\net\wetheinter\xapi-core-model\0.5\xapi-core-model-0.5.jar;C:\Users\Admin\.m2\repository\net\wetheinter\xapi-dev-bytecode\0.5\xapi-dev-bytecode-0.5.jar;C:\Users\Admin\.m2\repository\net\wetheinter\xapi-dev-template\0.5\xapi-dev-template-0.5.jar;C:\Users\Admin\.m2\repository\net\wetheinter\xapi-core-args\0.5\xapi-core-args-0.5.jar;C:\Users\Admin\.m2\repository\net\wetheinter\xapi-jre-api\0.5\xapi-jre-api-0.5.jar;C:\Users\Admin\.m2\repository\net\wetheinter\xapi-jre-inject\0.5\xapi-jre-inject-0.5.jar;C:\Users\Admin\.m2\repository\net\wetheinter\xapi-dev-scanner\0.5\xapi-dev-scanner-0.5.jar;C:\Users\Admin\.m2\repository\net\wetheinter\xapi-dev-api\0.5\xapi-dev-api-0.5.jar;C:\Users\Admin\.m2\repository\net\wetheinter\xapi-core-io\0.5\xapi-core-io-0.5.jar;C:\Users\Admin\.m2\repository\net\wetheinter\xapi-core-collect\0.5\xapi-core-collect-0.5.jar;C:\Users\Admin\.m2\repository\com\toedter\jcalendar\1.4\jcalendar-1.4.jar;"/>
    <property name="java.vm.vendor" value="Oracle Corporation"/>
    <property name="sun.arch.data.model" value="64"/>
    <property name="user.variant" value=""/>
    <property name="java.vendor.url" value="https://java.oracle.com/"/>
    <property name="user.timezone" value="Asia/Bangkok"/>
    <property name="os.name" value="Windows 11"/>
    <property name="java.vm.specification.version" value="21"/>
    <property name="user.country" value="US"/>
    <property name="sun.java.launcher" value="SUN_STANDARD"/>
    <property name="sun.boot.library.path" value="C:\Program Files\Java\jdk-21\bin"/>
    <property name="sun.java.command" value="C:\Users\Admin\AppData\Local\Temp\surefire12713933421590222380\surefirebooter-20240530104542528_3.jar C:\Users\Admin\AppData\Local\Temp\surefire12713933421590222380 2024-05-30T10-45-42_397-jvmRun1 surefire-20240530104542528_1tmp surefire_0-20240530104542528_2tmp"/>
    <property name="jdk.debug" value="release"/>
    <property name="surefire.test.class.path" value="C:\Users\Admin\LTHDT\Backup\ManageApartment\ManageApartment\target\test-classes;C:\Users\Admin\LTHDT\Backup\ManageApartment\ManageApartment\target\classes;C:\Users\Admin\.m2\repository\javax\xml\bind\jaxb-api\2.3.1\jaxb-api-2.3.1.jar;C:\Users\Admin\.m2\repository\javax\activation\javax.activation-api\1.2.0\javax.activation-api-1.2.0.jar;C:\Users\Admin\.m2\repository\com\sun\xml\bind\jaxb-impl\2.3.8\jaxb-impl-2.3.8.jar;C:\Users\Admin\.m2\repository\com\sun\activation\jakarta.activation\1.2.2\jakarta.activation-1.2.2.jar;C:\Users\Admin\.m2\repository\org\jfree\jfreechart\1.0.19\jfreechart-1.0.19.jar;C:\Users\Admin\.m2\repository\org\jfree\jcommon\1.0.23\jcommon-1.0.23.jar;C:\Users\Admin\.m2\repository\junit\junit\4.13.2\junit-4.13.2.jar;C:\Users\Admin\.m2\repository\jakarta\xml\bind\jakarta.xml.bind-api\2.3.3\jakarta.xml.bind-api-2.3.3.jar;C:\Users\Admin\.m2\repository\jakarta\activation\jakarta.activation-api\1.2.2\jakarta.activation-api-1.2.2.jar;C:\Users\Admin\.m2\repository\org\netbeans\external\AbsoluteLayout\RELEASE210\AbsoluteLayout-RELEASE210.jar;C:\Users\Admin\.m2\repository\org\apache\poi\poi-ooxml\5.2.5\poi-ooxml-5.2.5.jar;C:\Users\Admin\.m2\repository\org\apache\poi\poi-ooxml-lite\5.2.5\poi-ooxml-lite-5.2.5.jar;C:\Users\Admin\.m2\repository\org\apache\xmlbeans\xmlbeans\5.2.0\xmlbeans-5.2.0.jar;C:\Users\Admin\.m2\repository\org\apache\commons\commons-compress\1.25.0\commons-compress-1.25.0.jar;C:\Users\Admin\.m2\repository\commons-io\commons-io\2.15.0\commons-io-2.15.0.jar;C:\Users\Admin\.m2\repository\com\github\virtuald\curvesapi\1.08\curvesapi-1.08.jar;C:\Users\Admin\.m2\repository\org\apache\logging\log4j\log4j-api\2.21.1\log4j-api-2.21.1.jar;C:\Users\Admin\.m2\repository\org\apache\commons\commons-collections4\4.4\commons-collections4-4.4.jar;C:\Users\Admin\.m2\repository\org\apache\poi\poi\4.1.2\poi-4.1.2.jar;C:\Users\Admin\.m2\repository\commons-codec\commons-codec\1.13\commons-codec-1.13.jar;C:\Users\Admin\.m2\repository\org\apache\commons\commons-math3\3.6.1\commons-math3-3.6.1.jar;C:\Users\Admin\.m2\repository\com\zaxxer\SparseBitSet\1.2\SparseBitSet-1.2.jar;C:\Users\Admin\.m2\repository\org\openl\rules\org.openl.lib.poi.dev.modified\5.15.2\org.openl.lib.poi.dev.modified-5.15.2.jar;C:\Users\Admin\.m2\repository\org\slf4j\slf4j-api\1.7.7\slf4j-api-1.7.7.jar;C:\Users\Admin\.m2\repository\org\slf4j\jcl-over-slf4j\1.7.7\jcl-over-slf4j-1.7.7.jar;C:\Users\Admin\.m2\repository\org\apache\poi\poi-ooxml-schemas\3.8\poi-ooxml-schemas-3.8.jar;C:\Users\Admin\.m2\repository\dom4j\dom4j\1.6.1\dom4j-1.6.1.jar;C:\Users\Admin\.m2\repository\org\hamcrest\hamcrest-core\1.3\hamcrest-core-1.3.jar;C:\Users\Admin\.m2\repository\net\wetheinter\xapi-gwt-test\0.5\xapi-gwt-test-0.5.jar;C:\Users\Admin\.m2\repository\net\wetheinter\xapi-gwt-api\0.5\xapi-gwt-api-0.5.jar;C:\Users\Admin\.m2\repository\net\wetheinter\xapi-dev-source\0.5\xapi-dev-source-0.5-sources.jar;C:\Users\Admin\.m2\repository\net\wetheinter\xapi-dev-source\0.5\xapi-dev-source-0.5.jar;C:\Users\Admin\.m2\repository\net\wetheinter\xapi-core-api\0.5\xapi-core-api-0.5-sources.jar;C:\Users\Admin\.m2\repository\javax\inject\javax.inject\1\javax.inject-1.jar;C:\Users\Admin\.m2\repository\net\wetheinter\xapi-core-api\0.5\xapi-core-api-0.5.jar;C:\Users\Admin\.m2\repository\net\wetheinter\xapi-core-inject\0.5\xapi-core-inject-0.5-sources.jar;C:\Users\Admin\.m2\repository\net\wetheinter\xapi-core-log\0.5\xapi-core-log-0.5.jar;C:\Users\Admin\.m2\repository\net\wetheinter\xapi-core-inject\0.5\xapi-core-inject-0.5.jar;C:\Users\Admin\.m2\repository\net\wetheinter\xapi-core-reflect\0.5\xapi-core-reflect-0.5-sources.jar;C:\Users\Admin\.m2\repository\net\wetheinter\xapi-core-reflect\0.5\xapi-core-reflect-0.5.jar;C:\Users\Admin\.m2\repository\net\wetheinter\xapi-core-util\0.5\xapi-core-util-0.5-sources.jar;C:\Users\Admin\.m2\repository\net\wetheinter\xapi-core-util\0.5\xapi-core-util-0.5.jar;C:\Users\Admin\.m2\repository\javax\inject\javax.inject\1\javax.inject-1-sources.jar;C:\Users\Admin\.m2\repository\javax\validation\validation-api\1.0.0.GA\validation-api-1.0.0.GA.jar;C:\Users\Admin\.m2\repository\javax\validation\validation-api\1.0.0.GA\validation-api-1.0.0.GA-sources.jar;C:\Users\Admin\.m2\repository\net\wetheinter\xapi-core-test\0.5\xapi-core-test-0.5.jar;C:\Users\Admin\.m2\repository\net\wetheinter\xapi-server-api\0.5\xapi-server-api-0.5.jar;C:\Users\Admin\.m2\repository\net\wetheinter\xapi-jre-model\0.5\xapi-jre-model-0.5.jar;C:\Users\Admin\.m2\repository\net\wetheinter\xapi-core-model\0.5\xapi-core-model-0.5.jar;C:\Users\Admin\.m2\repository\net\wetheinter\xapi-dev-bytecode\0.5\xapi-dev-bytecode-0.5.jar;C:\Users\Admin\.m2\repository\net\wetheinter\xapi-dev-template\0.5\xapi-dev-template-0.5.jar;C:\Users\Admin\.m2\repository\net\wetheinter\xapi-core-args\0.5\xapi-core-args-0.5.jar;C:\Users\Admin\.m2\repository\net\wetheinter\xapi-jre-api\0.5\xapi-jre-api-0.5.jar;C:\Users\Admin\.m2\repository\net\wetheinter\xapi-jre-inject\0.5\xapi-jre-inject-0.5.jar;C:\Users\Admin\.m2\repository\net\wetheinter\xapi-dev-scanner\0.5\xapi-dev-scanner-0.5.jar;C:\Users\Admin\.m2\repository\net\wetheinter\xapi-dev-api\0.5\xapi-dev-api-0.5.jar;C:\Users\Admin\.m2\repository\net\wetheinter\xapi-core-io\0.5\xapi-core-io-0.5.jar;C:\Users\Admin\.m2\repository\net\wetheinter\xapi-core-collect\0.5\xapi-core-collect-0.5.jar;C:\Users\Admin\.m2\repository\com\toedter\jcalendar\1.4\jcalendar-1.4.jar;"/>
    <property name="sun.cpu.endian" value="little"/>
    <property name="user.home" value="C:\Users\Admin"/>
    <property name="user.language" value="en"/>
    <property name="java.specification.vendor" value="Oracle Corporation"/>
    <property name="java.version.date" value="2024-01-16"/>
    <property name="java.home" value="C:\Program Files\Java\jdk-21"/>
    <property name="file.separator" value="\"/>
    <property name="basedir" value="C:\Users\Admin\LTHDT\Backup\ManageApartment\ManageApartment"/>
    <property name="java.vm.compressedOopsMode" value="Zero based"/>
    <property name="line.separator" value="&#10;"/>
    <property name="java.vm.specification.vendor" value="Oracle Corporation"/>
    <property name="java.specification.name" value="Java Platform API Specification"/>
    <property name="surefire.real.class.path" value="C:\Users\Admin\AppData\Local\Temp\surefire12713933421590222380\surefirebooter-20240530104542528_3.jar"/>
    <property name="user.script" value=""/>
    <property name="sun.management.compiler" value="HotSpot 64-Bit Tiered Compilers"/>
    <property name="java.runtime.version" value="21.0.2+13-LTS-58"/>
    <property name="user.name" value="Admin"/>
    <property name="stdout.encoding" value="Cp1252"/>
    <property name="path.separator" value=";"/>
    <property name="os.version" value="10.0"/>
    <property name="java.runtime.name" value="Java(TM) SE Runtime Environment"/>
    <property name="file.encoding" value="UTF-8"/>
    <property name="java.vm.name" value="Java HotSpot(TM) 64-Bit Server VM"/>
    <property name="maven.ext.class.path" value="C:\Program Files\NetBeans-21\netbeans\java\maven-nblib\netbeans-eventspy.jar"/>
    <property name="localRepository" value="C:\Users\Admin\.m2\repository"/>
    <property name="java.vendor.url.bug" value="https://bugreport.java.com/bugreport/"/>
    <property name="java.io.tmpdir" value="C:\Users\Admin\AppData\Local\Temp\"/>
    <property name="java.version" value="21.0.2"/>
    <property name="user.dir" value="C:\Users\Admin\LTHDT\Backup\ManageApartment\ManageApartment"/>
    <property name="os.arch" value="amd64"/>
    <property name="java.vm.specification.name" value="Java Virtual Machine Specification"/>
    <property name="sun.os.patch.level" value=""/>
    <property name="native.encoding" value="Cp1252"/>
    <property name="java.library.path" value="C:\Program Files\Java\jdk-21\bin;C:\WINDOWS\Sun\Java\bin;C:\WINDOWS\system32;C:\WINDOWS;C:\Program Files\Common Files\Oracle\Java\javapath;C:\WINDOWS\system32;C:\WINDOWS;C:\WINDOWS\System32\Wbem;C:\WINDOWS\System32\WindowsPowerShell\v1.0\;C:\WINDOWS\System32\OpenSSH\;C:\MinGW\bin;C:\Program Files\Microsoft SQL Server\150\Tools\Binn\;C:\Program Files\Microsoft SQL Server\Client SDK\ODBC\170\Tools\Binn\;C:\Program Files\dotnet\;C:\Program Files\Git\cmd;C:\Users\Admin\AppData\Local\Microsoft\WindowsApps;C:\Users\Admin\AppData\Local\Programs\Microsoft VS Code\bin;C:\Users\Admin\.dotnet\tools;C:\Users\Admin\OneDrive\Documents\GitHub\demoweb.github.io\SHPTT;."/>
    <property name="java.vm.info" value="mixed mode, sharing"/>
    <property name="stderr.encoding" value="Cp1252"/>
    <property name="java.vendor" value="Oracle Corporation"/>
    <property name="java.vm.version" value="21.0.2+13-LTS-58"/>
    <property name="sun.io.unicode.encoding" value="UnicodeLittle"/>
    <property name="java.class.version" value="65.0"/>
  </properties>
  <testcase name="testApp" classname="ManageApartmentTest" time="0.004"/>
</testsuite>